<?xml version="1.0" encoding="UTF-8"?>
<!-- Generated by org.testng.reporters.JUnitXMLReporter -->
<testsuite hostname="ATMECSINDT-004" failures="0" tests="9" name="Test" time="0.078" errors="0" timestamp="10 Apr 2019 10:48:29 GMT">
  <testcase classname="Dependencies.Dependencies.TestClassB" name="classB_testCase2" time="0.014"/>
  <testcase classname="Dependencies.Dependencies.TestClassB" name="classB_testCase3" time="0.005"/>
  <testcase classname="Dependencies.Dependencies.TestClassC" name="classC_testCase2" time="0.001"/>
  <testcase classname="Dependencies.Dependencies.TestClassC" name="classC_testCase3" time="0.003"/>
  <testcase classname="Dependencies.Dependencies.TestClassA" name="classA_testCase1" time="0.002"/>
  <testcase classname="Dependencies.Dependencies.TestClassA" name="classA_testCase2" time="0.005"/>
  <testcase classname="Dependencies.Dependencies.TestClassA" name="classA_testCase3" time="0.002"/>
  <testcase classname="Dependencies.Dependencies.TestClassB" name="classB_testCase1" time="0.001"/>
  <testcase classname="Dependencies.Dependencies.TestClassC" name="classC_testCase1" time="0.003"/>
</testsuite> <!-- Test -->
