<?xml version="1.0" encoding="UTF-8"?>
<testng-results total="9" passed="9" failed="0" skipped="0">
  <reporter-output>
  </reporter-output>
  <suite started-at="2019-04-10T10:48:29Z" name="Suite" finished-at="2019-04-10T10:48:29Z" duration-ms="78">
    <groups>
      <group name="regression">
        <method signature="TestClassA.classA_testCase1()[pri:0, instance:Dependencies.Dependencies.TestClassA@3754a4bf]" name="classA_testCase1" class="Dependencies.Dependencies.TestClassA"/>
        <method signature="TestClassA.classA_testCase2()[pri:0, instance:Dependencies.Dependencies.TestClassA@3754a4bf]" name="classA_testCase2" class="Dependencies.Dependencies.TestClassA"/>
        <method signature="TestClassA.classA_testCase3()[pri:0, instance:Dependencies.Dependencies.TestClassA@3754a4bf]" name="classA_testCase3" class="Dependencies.Dependencies.TestClassA"/>
      </group> <!-- regression -->
      <group name="smoke">
        <method signature="TestClassB.classB_testCase1()[pri:0, instance:Dependencies.Dependencies.TestClassB@3c46e67a]" name="classB_testCase1" class="Dependencies.Dependencies.TestClassB"/>
        <method signature="TestClassB.classB_testCase3()[pri:0, instance:Dependencies.Dependencies.TestClassB@3c46e67a]" name="classB_testCase3" class="Dependencies.Dependencies.TestClassB"/>
        <method signature="TestClassC.classC_testCase3()[pri:0, instance:Dependencies.Dependencies.TestClassC@6c6cb480]" name="classC_testCase3" class="Dependencies.Dependencies.TestClassC"/>
      </group> <!-- smoke -->
    </groups>
    <test started-at="2019-04-10T10:48:29Z" name="Test" finished-at="2019-04-10T10:48:29Z" duration-ms="78">
      <class name="Dependencies.Dependencies.TestClassC">
        <test-method signature="classC_testCase2()[pri:0, instance:Dependencies.Dependencies.TestClassC@6c6cb480]" started-at="2019-04-10T16:18:29Z" name="classC_testCase2" finished-at="2019-04-10T16:18:29Z" duration-ms="1" status="PASS">
          <reporter-output>
          </reporter-output>
        </test-method> <!-- classC_testCase2 -->
        <test-method signature="classC_testCase3()[pri:0, instance:Dependencies.Dependencies.TestClassC@6c6cb480]" started-at="2019-04-10T16:18:29Z" name="classC_testCase3" finished-at="2019-04-10T16:18:29Z" duration-ms="3" status="PASS">
          <reporter-output>
          </reporter-output>
        </test-method> <!-- classC_testCase3 -->
        <test-method signature="classC_testCase1()[pri:0, instance:Dependencies.Dependencies.TestClassC@6c6cb480]" started-at="2019-04-10T16:18:29Z" name="classC_testCase1" depends-on-groups="regression, smoke" finished-at="2019-04-10T16:18:29Z" duration-ms="3" status="PASS">
          <reporter-output>
          </reporter-output>
        </test-method> <!-- classC_testCase1 -->
      </class> <!-- Dependencies.Dependencies.TestClassC -->
      <class name="Dependencies.Dependencies.TestClassB">
        <test-method signature="classB_testCase2()[pri:0, instance:Dependencies.Dependencies.TestClassB@3c46e67a]" started-at="2019-04-10T16:18:29Z" name="classB_testCase2" finished-at="2019-04-10T16:18:29Z" duration-ms="14" status="PASS">
          <reporter-output>
          </reporter-output>
        </test-method> <!-- classB_testCase2 -->
        <test-method signature="classB_testCase3()[pri:0, instance:Dependencies.Dependencies.TestClassB@3c46e67a]" started-at="2019-04-10T16:18:29Z" name="classB_testCase3" finished-at="2019-04-10T16:18:29Z" duration-ms="5" status="PASS">
          <reporter-output>
          </reporter-output>
        </test-method> <!-- classB_testCase3 -->
        <test-method signature="classB_testCase1()[pri:0, instance:Dependencies.Dependencies.TestClassB@3c46e67a]" started-at="2019-04-10T16:18:29Z" name="classB_testCase1" depends-on-groups="regression" finished-at="2019-04-10T16:18:29Z" duration-ms="1" status="PASS">
          <reporter-output>
          </reporter-output>
        </test-method> <!-- classB_testCase1 -->
      </class> <!-- Dependencies.Dependencies.TestClassB -->
      <class name="Dependencies.Dependencies.TestClassA">
        <test-method signature="classA_testCase1()[pri:0, instance:Dependencies.Dependencies.TestClassA@3754a4bf]" started-at="2019-04-10T16:18:29Z" name="classA_testCase1" finished-at="2019-04-10T16:18:29Z" duration-ms="2" status="PASS">
          <reporter-output>
          </reporter-output>
        </test-method> <!-- classA_testCase1 -->
        <test-method signature="classA_testCase2()[pri:0, instance:Dependencies.Dependencies.TestClassA@3754a4bf]" started-at="2019-04-10T16:18:29Z" name="classA_testCase2" finished-at="2019-04-10T16:18:29Z" depends-on-methods="Dependencies.Dependencies.TestClassA.classA_testCase1" duration-ms="5" status="PASS">
          <reporter-output>
          </reporter-output>
        </test-method> <!-- classA_testCase2 -->
        <test-method signature="classA_testCase3()[pri:0, instance:Dependencies.Dependencies.TestClassA@3754a4bf]" started-at="2019-04-10T16:18:29Z" name="classA_testCase3" finished-at="2019-04-10T16:18:29Z" depends-on-methods="Dependencies.Dependencies.TestClassA.classA_testCase2" duration-ms="2" status="PASS">
          <reporter-output>
          </reporter-output>
        </test-method> <!-- classA_testCase3 -->
      </class> <!-- Dependencies.Dependencies.TestClassA -->
    </test> <!-- Test -->
  </suite> <!-- Suite -->
</testng-results>
